<?xml version="1.0" encoding="UTF-8"?>
<testng-results skipped="0" failed="0" total="6" passed="6">
  <reporter-output>
  </reporter-output>
  <suite name="uk.jpmorgan.task.simple.stock.dao.StockDaoImplNGTest" duration-ms="47" started-at="2016-04-11T16:58:29Z" finished-at="2016-04-11T16:58:29Z">
    <groups>
    </groups>
    <test name="Command line test" duration-ms="47" started-at="2016-04-11T16:58:29Z" finished-at="2016-04-11T16:58:29Z">
      <class name="uk.jpmorgan.task.simple.stock.dao.StockDaoImplNGTest">
        <test-method status="PASS" signature="setUpClass()[pri:0, instance:uk.jpmorgan.task.simple.stock.dao.StockDaoImplNGTest@4cb2c100]" name="setUpClass" is-config="true" duration-ms="9" started-at="2016-04-11T18:58:29Z" finished-at="2016-04-11T18:58:29Z">
          <reporter-output>
          </reporter-output>
        </test-method> <!-- setUpClass -->
        <test-method status="PASS" signature="test1GetStockByStockSymbol()[pri:0, instance:uk.jpmorgan.task.simple.stock.dao.StockDaoImplNGTest@4cb2c100]" name="test1GetStockByStockSymbol" duration-ms="6" started-at="2016-04-11T18:58:29Z" finished-at="2016-04-11T18:58:29Z">
          <reporter-output>
          </reporter-output>
        </test-method> <!-- test1GetStockByStockSymbol -->
        <test-method status="PASS" signature="test2SaveTrade()[pri:0, instance:uk.jpmorgan.task.simple.stock.dao.StockDaoImplNGTest@4cb2c100]" name="test2SaveTrade" duration-ms="12" started-at="2016-04-11T18:58:29Z" finished-at="2016-04-11T18:58:29Z">
          <reporter-output>
          </reporter-output>
        </test-method> <!-- test2SaveTrade -->
        <test-method status="PASS" signature="test3GetAllTrades()[pri:0, instance:uk.jpmorgan.task.simple.stock.dao.StockDaoImplNGTest@4cb2c100]" name="test3GetAllTrades" duration-ms="0" started-at="2016-04-11T18:58:29Z" finished-at="2016-04-11T18:58:29Z">
          <reporter-output>
          </reporter-output>
        </test-method> <!-- test3GetAllTrades -->
        <test-method status="PASS" signature="test4GetRecentTradeByStock()[pri:0, instance:uk.jpmorgan.task.simple.stock.dao.StockDaoImplNGTest@4cb2c100]" name="test4GetRecentTradeByStock" duration-ms="2" started-at="2016-04-11T18:58:29Z" finished-at="2016-04-11T18:58:29Z">
          <reporter-output>
          </reporter-output>
        </test-method> <!-- test4GetRecentTradeByStock -->
        <test-method status="PASS" signature="test5GetLastTradeFromEachStock()[pri:0, instance:uk.jpmorgan.task.simple.stock.dao.StockDaoImplNGTest@4cb2c100]" name="test5GetLastTradeFromEachStock" duration-ms="2" started-at="2016-04-11T18:58:29Z" finished-at="2016-04-11T18:58:29Z">
          <reporter-output>
          </reporter-output>
        </test-method> <!-- test5GetLastTradeFromEachStock -->
        <test-method status="PASS" signature="test6GetAllStock()[pri:0, instance:uk.jpmorgan.task.simple.stock.dao.StockDaoImplNGTest@4cb2c100]" name="test6GetAllStock" duration-ms="2" started-at="2016-04-11T18:58:29Z" finished-at="2016-04-11T18:58:29Z">
          <reporter-output>
          </reporter-output>
        </test-method> <!-- test6GetAllStock -->
        <test-method status="PASS" signature="tearDownClass()[pri:0, instance:uk.jpmorgan.task.simple.stock.dao.StockDaoImplNGTest@4cb2c100]" name="tearDownClass" is-config="true" duration-ms="0" started-at="2016-04-11T18:58:29Z" finished-at="2016-04-11T18:58:29Z">
          <reporter-output>
          </reporter-output>
        </test-method> <!-- tearDownClass -->
      </class> <!-- uk.jpmorgan.task.simple.stock.dao.StockDaoImplNGTest -->
    </test> <!-- Command line test -->
  </suite> <!-- uk.jpmorgan.task.simple.stock.dao.StockDaoImplNGTest -->
</testng-results>
